<?xml version="1.0" encoding="UTF-8"?>
<!-- Generated by org.testng.reporters.JUnitReportReporter -->
<testsuite hostname="Guron" name="org.hh.test.TestRunner" tests="1" failures="0" timestamp="10 May 2013 21:34:54 GMT" time="8.851" errors="0">
  <testcase name="test_Price" time="8.851" classname="org.hh.test.TestRunner"/>
</testsuite> <!-- org.hh.test.TestRunner -->
