<?xml version="1.0" encoding="UTF-8"?>
<!-- Generated by org.testng.reporters.JUnitReportReporter -->
<testsuite hostname="Guron" name="org.hh.test.TestRunner" tests="1" failures="0" timestamp="12 May 2013 11:57:34 GMT" time="27.335" errors="0">
  <testcase name="test_Price" time="27.335" classname="org.hh.test.TestRunner"/>
</testsuite> <!-- org.hh.test.TestRunner -->
